<?xml version="1.0" encoding="UTF-8"?>
<!-- Generated by org.testng.reporters.JUnitXMLReporter -->
<testsuite hostname="Кристалл-ПК" name="Test1" tests="4" failures="0" timestamp="28 Apr 2015 15:24:22 GMT" time="43.85" errors="0">
  <testcase name="testLogin" time="12.943" classname="ru.st.selenium.Login"/>
  <testcase name="testNewFilm" time="5.773" classname="ru.st.selenium.NewFilm"/>
  <testcase name="testRemoveFilm" time="0.53" classname="ru.st.selenium.RemoveFilm"/>
  <testcase name="testLogout" time="1.264" classname="ru.st.selenium.Logout"/>
</testsuite> <!-- Test1 -->
